\BOOKMARK [1][-]{section.1}{Introdu\347\343o}{}% 1
\BOOKMARK [1][-]{section.2}{Implementa\347\343o}{}% 2
\BOOKMARK [2][-]{subsection.2.1}{Elemento.java}{section.2}% 3
\BOOKMARK [2][-]{subsection.2.2}{Pilha.java}{section.2}% 4
\BOOKMARK [2][-]{subsection.2.3}{PilhaVaziaException.java}{section.2}% 5
\BOOKMARK [2][-]{subsection.2.4}{ExpressaoAritmetica.java}{section.2}% 6
\BOOKMARK [3][-]{subsubsection.2.4.1}{private boolean possuiCaracteresInvalidosNumericos\( \)}{subsection.2.4}% 7
\BOOKMARK [3][-]{subsubsection.2.4.2}{private boolean possuiCaracteresInvalidosVariaveis\( \)}{subsection.2.4}% 8
\BOOKMARK [3][-]{subsubsection.2.4.3}{public int avaliar\( \) throws ProcessadorException}{subsection.2.4}% 9
\BOOKMARK [3][-]{subsubsection.2.4.4}{public void validarVariavel\( \) throws ProcessadorException}{subsection.2.4}% 10
\BOOKMARK [3][-]{subsubsection.2.4.5}{public void validarNumerico\( \) throws ProcessadorException}{subsection.2.4}% 11
\BOOKMARK [3][-]{subsubsection.2.4.6}{public static int getPrioridade\(String operador\) throws ProcessadorException}{subsection.2.4}% 12
\BOOKMARK [3][-]{subsubsection.2.4.7}{public static boolean isParenteses\(String s\)}{subsection.2.4}% 13
\BOOKMARK [3][-]{subsubsection.2.4.8}{public static boolean isOperador\(String s\)}{subsection.2.4}% 14
\BOOKMARK [3][-]{subsubsection.2.4.9}{public String getPosfixa\(boolean comVariaveis\) throws ProcessadorException}{subsection.2.4}% 15
\BOOKMARK [3][-]{subsubsection.2.4.10}{public String getExpressao\( \)}{subsection.2.4}% 16
\BOOKMARK [3][-]{subsubsection.2.4.11}{public void setExpressao\(String expressao\) }{subsection.2.4}% 17
\BOOKMARK [3][-]{subsubsection.2.4.12}{public static boolean isValorVariavel\(String s\)}{subsection.2.4}% 18
\BOOKMARK [3][-]{subsubsection.2.4.13}{public boolean isExpressaoValida\( \)}{subsection.2.4}% 19
\BOOKMARK [3][-]{subsubsection.2.4.14}{public String[ ] getVetorNumerico\( \)}{subsection.2.4}% 20
\BOOKMARK [3][-]{subsubsection.2.4.15}{public String[ ] getVetorVariavel\( \)}{subsection.2.4}% 21
\BOOKMARK [3][-]{subsubsection.2.4.16}{public String[ ] getParenteses\( \)}{subsection.2.4}% 22
\BOOKMARK [3][-]{subsubsection.2.4.17}{public static String[ ] processaRegex\(String regex, String s\)}{subsection.2.4}% 23
\BOOKMARK [2][-]{subsection.2.5}{ExpressaoGUI.java}{section.2}% 24
\BOOKMARK [2][-]{subsection.2.6}{ProcessadorException.java}{section.2}% 25
\BOOKMARK [1][-]{section.3}{Estudo de Complexidade}{}% 26
\BOOKMARK [2][-]{subsection.3.1}{public boolean isExpressaoValida\(\)}{section.3}% 27
\BOOKMARK [2][-]{subsection.3.2}{public String getPosfixa\(boolean comVariaveis\) throws ProcessadorException}{section.3}% 28
\BOOKMARK [2][-]{subsection.3.3}{public int avaliar\(\) throws ProcessadorException}{section.3}% 29
\BOOKMARK [1][-]{section.4}{Listagem de testes executados}{}% 30
\BOOKMARK [1][-]{section.5}{Conclus\343o}{}% 31
